# JRE version: OpenJDK Runtime Environment Temurin-21.0.11+10 (21.0.11+10) (build 21.0.11+10-LTS)
# Java VM: OpenJDK 64-Bit Server VM Temurin-21.0.11+10 (21.0.11+10-LTS, mixed mode, sharing, tiered, compressed oops, compressed class ptrs, parallel gc, windows-amd64)
GC Precious Log:
 CardTable entry size: 512
 CPUs: 12 total, 12 available
 Memory: 16309M
 Large Page Support: Disabled
 NUMA Support: Disabled
 Compressed Oops: Enabled (32-bit)
 Alignments: Space 512K, Generation 512K, Heap 2M
 Heap Min Capacity: 100M
 Heap Initial Capacity: 100M
 Heap Max Capacity: 2G
 Pre-touch: Disabled
 Parallel Workers: 10
Heap:
 PSYoungGen      total 4608K, used 2430K [0x00000000d5580000, 0x00000000d5c80000, 0x0000000100000000)
  eden space 2560K, 73% used [0x00000000d5580000,0x00000000d5757a10,0x00000000d5800000)
  from space 2048K, 26% used [0x00000000d5980000,0x00000000d5a08000,0x00000000d5b80000)
  to   space 1024K, 0% used [0x00000000d5b80000,0x00000000d5b80000,0x00000000d5c80000)
 ParOldGen       total 394752K, used 394572K [0x0000000080000000, 0x0000000098180000, 0x00000000d5580000)
  object space 394752K, 99% used [0x0000000080000000,0x00000000981531a0,0x0000000098180000)
 Metaspace       used 59307K, committed 60800K, reserved 1114112K
  class space    used 6317K, committed 6976K, reserved 1048576K
GC Heap History (20 events):
Event: 19.868 GC heap before
{Heap before GC invocations=303 (full 3):
 PSYoungGen      total 4096K, used 3952K [0x00000000d5580000, 0x00000000d5c00000, 0x0000000100000000)
  eden space 2048K, 100% used [0x00000000d5580000,0x00000000d5780000,0x00000000d5780000)
  from space 2048K, 92% used [0x00000000d5780000,0x00000000d595c090,0x00000000d5980000)
  to   space 2048K, 0% used [0x00000000d5a00000,0x00000000d5a00000,0x00000000d5c00000)
 ParOldGen       total 383488K, used 383333K [0x0000000080000000, 0x0000000097680000, 0x00000000d5580000)
  object space 383488K, 99% used [0x0000000080000000,0x0000000097659578,0x0000000097680000)
 Metaspace       used 58557K, committed 59968K, reserved 1114112K
  class space    used 6247K, committed 6848K, reserved 1048576K
}
Event: 19.870 GC heap after
{Heap after GC invocations=303 (full 3):
 PSYoungGen      total 2560K, used 2048K [0x00000000d5580000, 0x00000000d6100000, 0x0000000100000000)
  eden space 512K, 0% used [0x00000000d5580000,0x00000000d5580000,0x00000000d5600000)
  from space 2048K, 100% used [0x00000000d5a00000,0x00000000d5c00000,0x00000000d5c00000)
  to   space 4096K, 0% used [0x00000000d5600000,0x00000000d5600000,0x00000000d5a00000)
 ParOldGen       total 385536K, used 385197K [0x0000000080000000, 0x0000000097880000, 0x00000000d5580000)
  object space 385536K, 99% used [0x0000000080000000,0x000000009782b608,0x0000000097880000)
 Metaspace       used 58557K, committed 59968K, reserved 1114112K
  class space    used 6247K, committed 6848K, reserved 1048576K
}
Event: 19.872 GC heap before
{Heap before GC invocations=304 (full 3):
 PSYoungGen      total 2560K, used 2476K [0x00000000d5580000, 0x00000000d6100000, 0x0000000100000000)
  eden space 512K, 83% used [0x00000000d5580000,0x00000000d55eb380,0x00000000d5600000)
  from space 2048K, 100% used [0x00000000d5a00000,0x00000000d5c00000,0x00000000d5c00000)
  to   space 4096K, 0% used [0x00000000d5600000,0x00000000d5600000,0x00000000d5a00000)
 ParOldGen       total 385536K, used 385197K [0x0000000080000000, 0x0000000097880000, 0x00000000d5580000)
  object space 385536K, 99% used [0x0000000080000000,0x000000009782b608,0x0000000097880000)
 Metaspace       used 58557K, committed 59968K, reserved 1114112K
  class space    used 6247K, committed 6848K, reserved 1048576K
}
Event: 19.874 GC heap after
{Heap after GC invocations=304 (full 3):
 PSYoungGen      total 1536K, used 583K [0x00000000d5580000, 0x00000000d5a80000, 0x0000000100000000)
  eden space 512K, 0% used [0x00000000d5580000,0x00000000d5580000,0x00000000d5600000)
  from space 1024K, 56% used [0x00000000d5600000,0x00000000d5691d38,0x00000000d5700000)
  to   space 2048K, 0% used [0x00000000d5880000,0x00000000d5880000,0x00000000d5a80000)
 ParOldGen       total 387584K, used 387237K [0x0000000080000000, 0x0000000097a80000, 0x00000000d5580000)
  object space 387584K, 99% used [0x0000000080000000,0x0000000097a29608,0x0000000097a80000)
 Metaspace       used 58557K, committed 59968K, reserved 1114112K
  class space    used 6247K, committed 6848K, reserved 1048576K
}
Event: 19.875 GC heap before
{Heap before GC invocations=305 (full 3):
 PSYoungGen      total 1536K, used 1095K [0x00000000d5580000, 0x00000000d5a80000, 0x0000000100000000)
  eden space 512K, 100% used [0x00000000d5580000,0x00000000d5600000,0x00000000d5600000)
  from space 1024K, 56% used [0x00000000d5600000,0x00000000d5691d38,0x00000000d5700000)
  to   space 2048K, 0% used [0x00000000d5880000,0x00000000d5880000,0x00000000d5a80000)
 ParOldGen       total 387584K, used 387237K [0x0000000080000000, 0x0000000097a80000, 0x00000000d5580000)
  object space 387584K, 99% used [0x0000000080000000,0x0000000097a29608,0x0000000097a80000)
 Metaspace       used 58565K, committed 59968K, reserved 1114112K
  class space    used 6247K, committed 6848K, reserved 1048576K
}
Event: 19.876 GC heap after
{Heap after GC invocations=305 (full 3):
 PSYoungGen      total 2048K, used 537K [0x00000000d5580000, 0x00000000d5980000, 0x0000000100000000)
  eden space 1024K, 0% used [0x00000000d5580000,0x00000000d5580000,0x00000000d5680000)
  from space 1024K, 52% used [0x00000000d5880000,0x00000000d5906610,0x00000000d5980000)
  to   space 1024K, 0% used [0x00000000d5780000,0x00000000d5780000,0x00000000d5880000)
 ParOldGen       total 388096K, used 387689K [0x0000000080000000, 0x0000000097b00000, 0x00000000d5580000)
  object space 388096K, 99% used [0x0000000080000000,0x0000000097a9a5d0,0x0000000097b00000)
 Metaspace       used 58565K, committed 59968K, reserved 1114112K
  class space    used 6247K, committed 6848K, reserved 1048576K
}
Event: 19.879 GC heap before
{Heap before GC invocations=306 (full 3):
 PSYoungGen      total 2048K, used 1561K [0x00000000d5580000, 0x00000000d5980000, 0x0000000100000000)
  eden space 1024K, 100% used [0x00000000d5580000,0x00000000d5680000,0x00000000d5680000)
  from space 1024K, 52% used [0x00000000d5880000,0x00000000d5906610,0x00000000d5980000)
  to   space 1024K, 0% used [0x00000000d5780000,0x00000000d5780000,0x00000000d5880000)
 ParOldGen       total 388096K, used 387689K [0x0000000080000000, 0x0000000097b00000, 0x00000000d5580000)
  object space 388096K, 99% used [0x0000000080000000,0x0000000097a9a5d0,0x0000000097b00000)
 Metaspace       used 58573K, committed 59968K, reserved 1114112K
  class space    used 6247K, committed 6848K, reserved 1048576K
}
Event: 19.881 GC heap after
{Heap after GC invocations=306 (full 3):
 PSYoungGen      total 2560K, used 1008K [0x00000000d5580000, 0x00000000d5b00000, 0x0000000100000000)
  eden space 1536K, 0% used [0x00000000d5580000,0x00000000d5580000,0x00000000d5700000)
  from space 1024K, 98% used [0x00000000d5780000,0x00000000d587c1c0,0x00000000d5880000)
  to   space 2048K, 0% used [0x00000000d5900000,0x00000000d5900000,0x00000000d5b00000)
 ParOldGen       total 388608K, used 388242K [0x0000000080000000, 0x0000000097b80000, 0x00000000d5580000)
  object space 388608K, 99% used [0x0000000080000000,0x0000000097b24be0,0x0000000097b80000)
 Metaspace       used 58573K, committed 59968K, reserved 1114112K
  class space    used 6247K, committed 6848K, reserved 1048576K
}
Event: 19.892 GC heap before
{Heap before GC invocations=307 (full 3):
 PSYoungGen      total 2560K, used 2492K [0x00000000d5580000, 0x00000000d5b00000, 0x0000000100000000)
  eden space 1536K, 96% used [0x00000000d5580000,0x00000000d56f2f98,0x00000000d5700000)
  from space 1024K, 98% used [0x00000000d5780000,0x00000000d587c1c0,0x00000000d5880000)
  to   space 2048K, 0% used [0x00000000d5900000,0x00000000d5900000,0x00000000d5b00000)
 ParOldGen       total 388608K, used 388242K [0x0000000080000000, 0x0000000097b80000, 0x00000000d5580000)
  object space 388608K, 99% used [0x0000000080000000,0x0000000097b24be0,0x0000000097b80000)
 Metaspace       used 58573K, committed 59968K, reserved 1114112K
  class space    used 6247K, committed 6848K, reserved 1048576K
}
Event: 19.895 GC heap after
{Heap after GC invocations=307 (full 3):
 PSYoungGen      total 3584K, used 1105K [0x00000000d5580000, 0x00000000d5a80000, 0x0000000100000000)
  eden space 2048K, 0% used [0x00000000d5580000,0x00000000d5580000,0x00000000d5780000)
  from space 1536K, 71% used [0x00000000d5900000,0x00000000d5a14520,0x00000000d5a80000)
  to   space 1536K, 0% used [0x00000000d5780000,0x00000000d5780000,0x00000000d5900000)
 ParOldGen       total 389632K, used 389178K [0x0000000080000000, 0x0000000097c80000, 0x00000000d5580000)
  object space 389632K, 99% used [0x0000000080000000,0x0000000097c0ebe0,0x0000000097c80000)
 Metaspace       used 58573K, committed 59968K, reserved 1114112K
  class space    used 6247K, committed 6848K, reserved 1048576K
}
Event: 19.916 GC heap before
{Heap before GC invocations=308 (full 3):
 PSYoungGen      total 3584K, used 3149K [0x00000000d5580000, 0x00000000d5a80000, 0x0000000100000000)
  eden space 2048K, 99% used [0x00000000d5580000,0x00000000d577f250,0x00000000d5780000)
  from space 1536K, 71% used [0x00000000d5900000,0x00000000d5a14520,0x00000000d5a80000)
  to   space 1536K, 0% used [0x00000000d5780000,0x00000000d5780000,0x00000000d5900000)
 ParOldGen       total 389632K, used 389214K [0x0000000080000000, 0x0000000097c80000, 0x00000000d5580000)
  object space 389632K, 99% used [0x0000000080000000,0x0000000097c17968,0x0000000097c80000)
 Metaspace       used 58632K, committed 59968K, reserved 1114112K
  class space    used 6258K, committed 6848K, reserved 1048576K
}
Event: 19.917 GC heap after
{Heap after GC invocations=308 (full 3):
 PSYoungGen      total 3584K, used 1190K [0x00000000d5580000, 0x00000000d5a80000, 0x0000000100000000)
  eden space 2048K, 0% used [0x00000000d5580000,0x00000000d5580000,0x00000000d5780000)
  from space 1536K, 77% used [0x00000000d5780000,0x00000000d58a9b28,0x00000000d5900000)
  to   space 1536K, 0% used [0x00000000d5900000,0x00000000d5900000,0x00000000d5a80000)
 ParOldGen       total 390144K, used 389863K [0x0000000080000000, 0x0000000097d00000, 0x00000000d5580000)
  object space 390144K, 99% used [0x0000000080000000,0x0000000097cb9e78,0x0000000097d00000)
 Metaspace       used 58632K, committed 59968K, reserved 1114112K
  class space    used 6258K, committed 6848K, reserved 1048576K
}
Event: 19.927 GC heap before
{Heap before GC invocations=309 (full 3):
 PSYoungGen      total 3584K, used 3238K [0x00000000d5580000, 0x00000000d5a80000, 0x0000000100000000)
  eden space 2048K, 100% used [0x00000000d5580000,0x00000000d5780000,0x00000000d5780000)
  from space 1536K, 77% used [0x00000000d5780000,0x00000000d58a9b28,0x00000000d5900000)
  to   space 1536K, 0% used [0x00000000d5900000,0x00000000d5900000,0x00000000d5a80000)
 ParOldGen       total 390144K, used 389867K [0x0000000080000000, 0x0000000097d00000, 0x00000000d5580000)
  object space 390144K, 99% used [0x0000000080000000,0x0000000097cbae50,0x0000000097d00000)
 Metaspace       used 58804K, committed 60288K, reserved 1114112K
  class space    used 6276K, committed 6912K, reserved 1048576K
}
Event: 19.928 GC heap after
{Heap after GC invocations=309 (full 3):
 PSYoungGen      total 3584K, used 834K [0x00000000d5580000, 0x00000000d5a00000, 0x0000000100000000)
  eden space 2560K, 0% used [0x00000000d5580000,0x00000000d5580000,0x00000000d5800000)
  from space 1024K, 81% used [0x00000000d5900000,0x00000000d59d08e0,0x00000000d5a00000)
  to   space 1024K, 0% used [0x00000000d5800000,0x00000000d5800000,0x00000000d5900000)
 ParOldGen       total 391168K, used 390786K [0x0000000080000000, 0x0000000097e00000, 0x00000000d5580000)
  object space 391168K, 99% used [0x0000000080000000,0x0000000097da08c0,0x0000000097e00000)
 Metaspace       used 58804K, committed 60288K, reserved 1114112K
  class space    used 6276K, committed 6912K, reserved 1048576K
}
Event: 19.937 GC heap before
{Heap before GC invocations=310 (full 3):
 PSYoungGen      total 3584K, used 3394K [0x00000000d5580000, 0x00000000d5a00000, 0x0000000100000000)
  eden space 2560K, 100% used [0x00000000d5580000,0x00000000d5800000,0x00000000d5800000)
  from space 1024K, 81% used [0x00000000d5900000,0x00000000d59d08e0,0x00000000d5a00000)
  to   space 1024K, 0% used [0x00000000d5800000,0x00000000d5800000,0x00000000d5900000)
 ParOldGen       total 391168K, used 390786K [0x0000000080000000, 0x0000000097e00000, 0x00000000d5580000)
  object space 391168K, 99% used [0x0000000080000000,0x0000000097da08c0,0x0000000097e00000)
 Metaspace       used 58861K, committed 60288K, reserved 1114112K
  class space    used 6282K, committed 6912K, reserved 1048576K
}
Event: 19.939 GC heap after
{Heap after GC invocations=310 (full 3):
 PSYoungGen      total 3584K, used 1024K [0x00000000d5580000, 0x00000000d5f80000, 0x0000000100000000)
  eden space 2560K, 0% used [0x00000000d5580000,0x00000000d5580000,0x00000000d5800000)
  from space 1024K, 100% used [0x00000000d5800000,0x00000000d5900000,0x00000000d5900000)
  to   space 3584K, 0% used [0x00000000d5c00000,0x00000000d5c00000,0x00000000d5f80000)
 ParOldGen       total 392704K, used 392644K [0x0000000080000000, 0x0000000097f80000, 0x00000000d5580000)
  object space 392704K, 99% used [0x0000000080000000,0x0000000097f711a0,0x0000000097f80000)
 Metaspace       used 58861K, committed 60288K, reserved 1114112K
  class space    used 6282K, committed 6912K, reserved 1048576K
}
Event: 31.091 GC heap before
{Heap before GC invocations=311 (full 3):
 PSYoungGen      total 3584K, used 3583K [0x00000000d5580000, 0x00000000d5f80000, 0x0000000100000000)
  eden space 2560K, 99% used [0x00000000d5580000,0x00000000d57ffff8,0x00000000d5800000)
  from space 1024K, 100% used [0x00000000d5800000,0x00000000d5900000,0x00000000d5900000)
  to   space 3584K, 0% used [0x00000000d5c00000,0x00000000d5c00000,0x00000000d5f80000)
 ParOldGen       total 392704K, used 392644K [0x0000000080000000, 0x0000000097f80000, 0x00000000d5580000)
  object space 392704K, 99% used [0x0000000080000000,0x0000000097f711a0,0x0000000097f80000)
 Metaspace       used 58906K, committed 60352K, reserved 1114112K
  class space    used 6283K, committed 6912K, reserved 1048576K
}
Event: 31.092 GC heap after
{Heap after GC invocations=311 (full 3):
 PSYoungGen      total 4096K, used 1488K [0x00000000d5580000, 0x00000000d5d80000, 0x0000000100000000)
  eden space 2560K, 0% used [0x00000000d5580000,0x00000000d5580000,0x00000000d5800000)
  from space 1536K, 96% used [0x00000000d5c00000,0x00000000d5d74030,0x00000000d5d80000)
  to   space 2048K, 0% used [0x00000000d5980000,0x00000000d5980000,0x00000000d5b80000)
 ParOldGen       total 393728K, used 393684K [0x0000000080000000, 0x0000000098080000, 0x00000000d5580000)
  object space 393728K, 99% used [0x0000000080000000,0x00000000980751a0,0x0000000098080000)
 Metaspace       used 58906K, committed 60352K, reserved 1114112K
  class space    used 6283K, committed 6912K, reserved 1048576K
}
Event: 311.488 GC heap before
{Heap before GC invocations=312 (full 3):
 PSYoungGen      total 4096K, used 4048K [0x00000000d5580000, 0x00000000d5d80000, 0x0000000100000000)
  eden space 2560K, 99% used [0x00000000d5580000,0x00000000d57ffff8,0x00000000d5800000)
  from space 1536K, 96% used [0x00000000d5c00000,0x00000000d5d74030,0x00000000d5d80000)
  to   space 2048K, 0% used [0x00000000d5980000,0x00000000d5980000,0x00000000d5b80000)
 ParOldGen       total 393728K, used 393684K [0x0000000080000000, 0x0000000098080000, 0x00000000d5580000)
  object space 393728K, 99% used [0x0000000080000000,0x00000000980751a0,0x0000000098080000)
 Metaspace       used 59121K, committed 60544K, reserved 1114112K
  class space    used 6294K, committed 6912K, reserved 1048576K
}
Event: 311.489 GC heap after
{Heap after GC invocations=312 (full 3):
 PSYoungGen      total 4608K, used 544K [0x00000000d5580000, 0x00000000d5c80000, 0x0000000100000000)
  eden space 2560K, 0% used [0x00000000d5580000,0x00000000d5580000,0x00000000d5800000)
  from space 2048K, 26% used [0x00000000d5980000,0x00000000d5a08000,0x00000000d5b80000)
  to   space 1024K, 0% used [0x00000000d5b80000,0x00000000d5b80000,0x00000000d5c80000)
 ParOldGen       total 394752K, used 394572K [0x0000000080000000, 0x0000000098180000, 0x00000000d5580000)
  object space 394752K, 99% used [0x0000000080000000,0x00000000981531a0,0x0000000098180000)
 Metaspace       used 59121K, committed 60544K, reserved 1114112K
  class space    used 6294K, committed 6912K, reserved 1048576K
}

